Device cuda  recipe: STREAM×4 → 512-frame GT
Scenes ('cabinet_H_2', 'cabinet_H_10', 'cabinet_F11_25', 'cabinet_D50_100', 'cabinet_D_10', 'cabinet_F_5', 'colour_stripes', 'cabinet_H_2_hcg')  gains (128, 256, 512)
  cabinet_H_2/ag128: 512 DNGs → 256 train (T=4), holdout [400, 437, 474]
  cabinet_H_2/ag256: 512 DNGs → 256 train (T=4), holdout [400, 437, 474]
  cabinet_H_2/ag512: 512 DNGs → 256 train (T=4), holdout [400, 437, 474]
  cabinet_H_10/ag128: 512 DNGs → 256 train (T=4), holdout [400, 437, 474]
  cabinet_H_10/ag256: 512 DNGs → 256 train (T=4), holdout [400, 437, 474]
  cabinet_H_10/ag512: 512 DNGs → 256 train (T=4), holdout [400, 437, 474]
  cabinet_F11_25/ag128: 512 DNGs → 256 train (T=4), holdout [400, 437, 474]
  cabinet_F11_25/ag256: 512 DNGs → 256 train (T=4), holdout [400, 437, 474]
  cabinet_F11_25/ag512: 512 DNGs → 256 train (T=4), holdout [400, 437, 474]
  cabinet_D50_100/ag128: 512 DNGs → 256 train (T=4), holdout [400, 437, 474]
  cabinet_D50_100/ag256: 512 DNGs → 256 train (T=4), holdout [400, 437, 474]
  cabinet_D50_100/ag512: 512 DNGs → 256 train (T=4), holdout [400, 437, 474]
  cabinet_D_10/ag128: 128 DNGs → 64 train (T=4), holdout [127]
  cabinet_D_10/ag256: 128 DNGs → 64 train (T=4), holdout [127]
  cabinet_D_10/ag512: 128 DNGs → 64 train (T=4), holdout [127]
  cabinet_F_5/ag128: 128 DNGs → 64 train (T=4), holdout [127]
  cabinet_F_5/ag256: 128 DNGs → 64 train (T=4), holdout [127]
  cabinet_F_5/ag512: 128 DNGs → 64 train (T=4), holdout [127]
  colour_stripes/ag128: 128 DNGs → 64 train (T=4), holdout [127]
  colour_stripes/ag256: 128 DNGs → 64 train (T=4), holdout [127]
  colour_stripes/ag512: 128 DNGs → 64 train (T=4), holdout [127]
  cabinet_H_2_hcg/ag128: 128 DNGs → 64 train (T=4), holdout [127]
  cabinet_H_2_hcg/ag256: 128 DNGs → 64 train (T=4), holdout [127]
  cabinet_H_2_hcg/ag512: 128 DNGs → 64 train (T=4), holdout [127]
Total train pairs: 3840  in_ch=16
RawDenoiser 16→4  974,468 params  (128ch × 8, T=4)
Loss: charbonnier+edge+swt
  step 1/16000  loss=0.1283  lr=1.50e-06  0.38s/it
  step 51/16000  loss=0.1092  lr=3.90e-05  0.21s/it
  step 101/16000  loss=0.0708  lr=7.65e-05  0.20s/it
  step 151/16000  loss=0.0638  lr=1.14e-04  0.20s/it
  panel step 200: cabinet_H_2/ag256 frame 400  15.3→19.1 dB
  probe mean PSNR (n=6): 17.70 dB
  ★ best@200: panel=19.06 probe=17.70 score=18.38
  step 201/16000  loss=0.0501  lr=1.51e-04  0.21s/it
  step 251/16000  loss=0.0399  lr=1.89e-04  0.21s/it
  step 301/16000  loss=0.0155  lr=2.26e-04  0.21s/it
  step 351/16000  loss=0.0353  lr=2.64e-04  0.21s/it
  panel step 400: cabinet_H_2/ag256 frame 400  15.3→24.5 dB
  probe mean PSNR (n=6): 23.54 dB
  ★ best@400: panel=24.46 probe=23.54 score=24.00
  step 401/16000  loss=0.0180  lr=3.01e-04  0.21s/it
  step 451/16000  loss=0.0376  lr=3.39e-04  0.21s/it
  step 501/16000  loss=0.0299  lr=3.76e-04  0.21s/it
  step 551/16000  loss=0.0282  lr=4.14e-04  0.21s/it
  panel step 600: cabinet_H_2/ag256 frame 400  15.3→24.7 dB
  probe mean PSNR (n=6): 23.49 dB
  ★ best@600: panel=24.71 probe=23.49 score=24.10
  step 601/16000  loss=0.0216  lr=4.51e-04  0.21s/it
  step 651/16000  loss=0.0251  lr=4.89e-04  0.21s/it
  step 701/16000  loss=0.0211  lr=5.26e-04  0.21s/it
  step 751/16000  loss=0.0091  lr=5.64e-04  0.21s/it
  panel step 800: cabinet_H_2/ag256 frame 400  15.3→26.4 dB
  probe mean PSNR (n=6): 25.23 dB
  ★ best@800: panel=26.38 probe=25.23 score=25.80
  step 801/16000  loss=0.0283  lr=6.00e-04  0.21s/it
  step 851/16000  loss=0.0132  lr=6.00e-04  0.21s/it
  step 901/16000  loss=0.0090  lr=6.00e-04  0.21s/it
  step 951/16000  loss=0.0276  lr=6.00e-04  0.21s/it
  panel step 1000: cabinet_H_2/ag256 frame 400  15.3→27.3 dB
  probe mean PSNR (n=6): 26.20 dB
  ★ best@1000: panel=27.34 probe=26.20 score=26.77
  step 1001/16000  loss=0.0196  lr=6.00e-04  0.21s/it
  step 1051/16000  loss=0.0169  lr=6.00e-04  0.21s/it
  step 1101/16000  loss=0.0286  lr=5.99e-04  0.21s/it
  step 1151/16000  loss=0.0373  lr=5.99e-04  0.21s/it
  panel step 1200: cabinet_H_2/ag256 frame 400  15.3→27.6 dB
  probe mean PSNR (n=6): 26.67 dB
  ★ best@1200: panel=27.57 probe=26.67 score=27.12
  step 1201/16000  loss=0.0165  lr=5.99e-04  0.21s/it
  step 1251/16000  loss=0.0100  lr=5.99e-04  0.21s/it
  step 1301/16000  loss=0.0133  lr=5.98e-04  0.21s/it
  step 1351/16000  loss=0.0175  lr=5.98e-04  0.21s/it
  panel step 1400: cabinet_H_2/ag256 frame 400  15.3→28.0 dB
  probe mean PSNR (n=6): 26.78 dB
  ★ best@1400: panel=28.02 probe=26.78 score=27.40
  step 1401/16000  loss=0.0182  lr=5.98e-04  0.21s/it
  step 1451/16000  loss=0.0165  lr=5.97e-04  0.21s/it
  step 1501/16000  loss=0.0156  lr=5.97e-04  0.21s/it
  step 1551/16000  loss=0.0128  lr=5.97e-04  0.21s/it
  panel step 1600: cabinet_H_2/ag256 frame 400  15.3→28.2 dB
  probe mean PSNR (n=6): 27.06 dB
  ★ best@1600: panel=28.22 probe=27.06 score=27.64
  step 1601/16000  loss=0.0127  lr=5.96e-04  0.21s/it
  step 1651/16000  loss=0.0235  lr=5.96e-04  0.21s/it
  step 1701/16000  loss=0.0086  lr=5.95e-04  0.21s/it
  step 1751/16000  loss=0.0171  lr=5.95e-04  0.21s/it
  panel step 1800: cabinet_H_2/ag256 frame 400  15.3→28.5 dB
  probe mean PSNR (n=6): 27.42 dB
  ★ best@1800: panel=28.50 probe=27.42 score=27.96
  step 1801/16000  loss=0.0220  lr=5.94e-04  0.21s/it
  step 1851/16000  loss=0.0293  lr=5.93e-04  0.21s/it
  step 1901/16000  loss=0.0216  lr=5.93e-04  0.21s/it
  step 1951/16000  loss=0.0177  lr=5.92e-04  0.21s/it
  panel step 2000: cabinet_H_2/ag256 frame 400  15.3→28.6 dB
  probe mean PSNR (n=6): 27.62 dB
  ★ best@2000: panel=28.64 probe=27.62 score=28.13
  step 2001/16000  loss=0.0119  lr=5.91e-04  0.21s/it
  step 2051/16000  loss=0.0196  lr=5.91e-04  0.21s/it
  step 2101/16000  loss=0.0150  lr=5.90e-04  0.21s/it
  step 2151/16000  loss=0.0150  lr=5.89e-04  0.21s/it
  panel step 2200: cabinet_H_2/ag256 frame 400  15.3→28.7 dB
  probe mean PSNR (n=6): 27.79 dB
  ★ best@2200: panel=28.75 probe=27.79 score=28.27
  step 2201/16000  loss=0.0088  lr=5.88e-04  0.21s/it
  step 2251/16000  loss=0.0173  lr=5.87e-04  0.21s/it
  step 2301/16000  loss=0.0102  lr=5.86e-04  0.21s/it
  step 2351/16000  loss=0.0217  lr=5.85e-04  0.21s/it
  panel step 2400: cabinet_H_2/ag256 frame 400  15.3→28.6 dB
  probe mean PSNR (n=6): 27.89 dB
  step 2401/16000  loss=0.0132  lr=5.85e-04  0.21s/it
  step 2451/16000  loss=0.0147  lr=5.84e-04  0.21s/it
  step 2501/16000  loss=0.0163  lr=5.83e-04  0.21s/it
  step 2551/16000  loss=0.0394  lr=5.82e-04  0.21s/it
  panel step 2600: cabinet_H_2/ag256 frame 400  15.3→29.0 dB
  probe mean PSNR (n=6): 28.27 dB
  ★ best@2600: panel=29.00 probe=28.27 score=28.63
  step 2601/16000  loss=0.0136  lr=5.80e-04  0.21s/it
  step 2651/16000  loss=0.0073  lr=5.79e-04  0.21s/it
  step 2701/16000  loss=0.0164  lr=5.78e-04  0.21s/it
  step 2751/16000  loss=0.0106  lr=5.77e-04  0.21s/it
  panel step 2800: cabinet_H_2/ag256 frame 400  15.3→28.9 dB
  probe mean PSNR (n=6): 27.89 dB
  step 2801/16000  loss=0.0131  lr=5.76e-04  0.21s/it
  step 2851/16000  loss=0.0139  lr=5.75e-04  0.21s/it
  step 2901/16000  loss=0.0127  lr=5.74e-04  0.21s/it
  step 2951/16000  loss=0.0068  lr=5.72e-04  0.21s/it
  panel step 3000: cabinet_H_2/ag256 frame 400  15.3→28.6 dB
  probe mean PSNR (n=6): 27.56 dB
  step 3001/16000  loss=0.0211  lr=5.71e-04  0.21s/it
  step 3051/16000  loss=0.0285  lr=5.70e-04  0.21s/it
  step 3101/16000  loss=0.0105  lr=5.68e-04  0.21s/it
  step 3151/16000  loss=0.0159  lr=5.67e-04  0.21s/it
  panel step 3200: cabinet_H_2/ag256 frame 400  15.3→29.2 dB
  probe mean PSNR (n=6): 27.88 dB
  step 3201/16000  loss=0.0213  lr=5.66e-04  0.21s/it
  step 3251/16000  loss=0.0191  lr=5.64e-04  0.21s/it
  step 3301/16000  loss=0.0113  lr=5.63e-04  0.21s/it
  step 3351/16000  loss=0.0072  lr=5.61e-04  0.21s/it
  panel step 3400: cabinet_H_2/ag256 frame 400  15.3→28.9 dB
  probe mean PSNR (n=6): 28.13 dB
  step 3401/16000  loss=0.0159  lr=5.60e-04  0.21s/it
  step 3451/16000  loss=0.0111  lr=5.58e-04  0.21s/it
  step 3501/16000  loss=0.0123  lr=5.57e-04  0.21s/it
  step 3551/16000  loss=0.0110  lr=5.55e-04  0.21s/it
  panel step 3600: cabinet_H_2/ag256 frame 400  15.3→29.3 dB
  probe mean PSNR (n=6): 28.22 dB
  ★ best@3600: panel=29.34 probe=28.22 score=28.78
  step 3601/16000  loss=0.0180  lr=5.54e-04  0.21s/it
  step 3651/16000  loss=0.0223  lr=5.52e-04  0.21s/it
  step 3701/16000  loss=0.0145  lr=5.50e-04  0.21s/it
  step 3751/16000  loss=0.0266  lr=5.49e-04  0.21s/it
  panel step 3800: cabinet_H_2/ag256 frame 400  15.3→29.2 dB
  probe mean PSNR (n=6): 28.37 dB
  ★ best@3800: panel=29.21 probe=28.37 score=28.79
  step 3801/16000  loss=0.0106  lr=5.47e-04  0.21s/it
  step 3851/16000  loss=0.0118  lr=5.45e-04  0.21s/it
  step 3901/16000  loss=0.0120  lr=5.43e-04  0.21s/it
  step 3951/16000  loss=0.0111  lr=5.42e-04  0.21s/it
  panel step 4000: cabinet_H_2/ag256 frame 400  15.3→29.1 dB
  probe mean PSNR (n=6): 28.22 dB
  step 4001/16000  loss=0.0080  lr=5.40e-04  0.21s/it
  step 4051/16000  loss=0.0138  lr=5.38e-04  0.21s/it
  step 4101/16000  loss=0.0221  lr=5.36e-04  0.21s/it
  step 4151/16000  loss=0.0183  lr=5.34e-04  0.21s/it
  panel step 4200: cabinet_H_2/ag256 frame 400  15.3→29.3 dB
  probe mean PSNR (n=6): 28.11 dB
  step 4201/16000  loss=0.0135  lr=5.32e-04  0.21s/it
  step 4251/16000  loss=0.0067  lr=5.31e-04  0.21s/it
  step 4301/16000  loss=0.0209  lr=5.29e-04  0.21s/it
  step 4351/16000  loss=0.0096  lr=5.27e-04  0.21s/it
  panel step 4400: cabinet_H_2/ag256 frame 400  15.3→28.2 dB
  probe mean PSNR (n=6): 27.67 dB
  step 4401/16000  loss=0.0107  lr=5.25e-04  0.21s/it
  step 4451/16000  loss=0.0218  lr=5.23e-04  0.21s/it
  step 4501/16000  loss=0.0132  lr=5.21e-04  0.21s/it
  step 4551/16000  loss=0.0186  lr=5.19e-04  0.21s/it
  panel step 4600: cabinet_H_2/ag256 frame 400  15.3→29.6 dB
  probe mean PSNR (n=6): 28.48 dB
  ★ best@4600: panel=29.59 probe=28.48 score=29.04
  step 4601/16000  loss=0.0126  lr=5.16e-04  0.21s/it
  step 4651/16000  loss=0.0115  lr=5.14e-04  0.21s/it
  step 4701/16000  loss=0.0093  lr=5.12e-04  0.21s/it
  step 4751/16000  loss=0.0162  lr=5.10e-04  0.21s/it
  panel step 4800: cabinet_H_2/ag256 frame 400  15.3→29.6 dB
  probe mean PSNR (n=6): 28.79 dB
  ★ best@4800: panel=29.61 probe=28.79 score=29.20
  step 4801/16000  loss=0.0108  lr=5.08e-04  0.21s/it
  step 4851/16000  loss=0.0101  lr=5.06e-04  0.21s/it
  step 4901/16000  loss=0.0081  lr=5.04e-04  0.21s/it
  step 4951/16000  loss=0.0121  lr=5.01e-04  0.21s/it
  panel step 5000: cabinet_H_2/ag256 frame 400  15.3→28.8 dB
  probe mean PSNR (n=6): 28.16 dB
  step 5001/16000  loss=0.0153  lr=4.99e-04  0.21s/it
  step 5051/16000  loss=0.0228  lr=4.97e-04  0.21s/it
  step 5101/16000  loss=0.0137  lr=4.95e-04  0.21s/it
  step 5151/16000  loss=0.0115  lr=4.92e-04  0.21s/it
  panel step 5200: cabinet_H_2/ag256 frame 400  15.3→29.7 dB
  probe mean PSNR (n=6): 28.73 dB
  ★ best@5200: panel=29.71 probe=28.73 score=29.22
  step 5201/16000  loss=0.0145  lr=4.90e-04  0.21s/it
  step 5251/16000  loss=0.0095  lr=4.88e-04  0.21s/it
  step 5301/16000  loss=0.0122  lr=4.85e-04  0.21s/it
  step 5351/16000  loss=0.0221  lr=4.83e-04  0.21s/it
  panel step 5400: cabinet_H_2/ag256 frame 400  15.3→29.6 dB
  probe mean PSNR (n=6): 28.77 dB
  step 5401/16000  loss=0.0194  lr=4.81e-04  0.21s/it
  step 5451/16000  loss=0.0092  lr=4.78e-04  0.21s/it
  step 5501/16000  loss=0.0129  lr=4.76e-04  0.21s/it
  step 5551/16000  loss=0.0123  lr=4.73e-04  0.21s/it
  panel step 5600: cabinet_H_2/ag256 frame 400  15.3→29.7 dB
  probe mean PSNR (n=6): 28.83 dB
  ★ best@5600: panel=29.74 probe=28.83 score=29.29
  step 5601/16000  loss=0.0175  lr=4.71e-04  0.21s/it
  step 5651/16000  loss=0.0065  lr=4.68e-04  0.21s/it
  step 5701/16000  loss=0.0138  lr=4.66e-04  0.21s/it
  step 5751/16000  loss=0.0103  lr=4.63e-04  0.21s/it
  panel step 5800: cabinet_H_2/ag256 frame 400  15.3→29.4 dB
  probe mean PSNR (n=6): 28.61 dB
  step 5801/16000  loss=0.0169  lr=4.61e-04  0.21s/it
  step 5851/16000  loss=0.0142  lr=4.58e-04  0.21s/it
  step 5901/16000  loss=0.0183  lr=4.56e-04  0.21s/it
  step 5951/16000  loss=0.0117  lr=4.53e-04  0.21s/it
  panel step 6000: cabinet_H_2/ag256 frame 400  15.3→29.7 dB
  probe mean PSNR (n=6): 28.91 dB
  ★ best@6000: panel=29.67 probe=28.91 score=29.29
  step 6001/16000  loss=0.0086  lr=4.51e-04  0.21s/it
  step 6051/16000  loss=0.0205  lr=4.48e-04  0.21s/it
  step 6101/16000  loss=0.0094  lr=4.45e-04  0.21s/it
  step 6151/16000  loss=0.0087  lr=4.43e-04  0.21s/it
  panel step 6200: cabinet_H_2/ag256 frame 400  15.3→29.8 dB
  probe mean PSNR (n=6): 28.78 dB
  step 6201/16000  loss=0.0252  lr=4.40e-04  0.21s/it
  step 6251/16000  loss=0.0118  lr=4.37e-04  0.21s/it
  step 6301/16000  loss=0.0087  lr=4.35e-04  0.21s/it
  step 6351/16000  loss=0.0061  lr=4.32e-04  0.21s/it
  panel step 6400: cabinet_H_2/ag256 frame 400  15.3→29.8 dB
  probe mean PSNR (n=6): 28.91 dB
  ★ best@6400: panel=29.76 probe=28.91 score=29.34
  step 6401/16000  loss=0.0070  lr=4.29e-04  0.21s/it
  step 6451/16000  loss=0.0203  lr=4.27e-04  0.21s/it
  step 6501/16000  loss=0.0129  lr=4.24e-04  0.21s/it
  step 6551/16000  loss=0.0192  lr=4.21e-04  0.21s/it
  panel step 6600: cabinet_H_2/ag256 frame 400  15.3→29.1 dB
  probe mean PSNR (n=6): 28.72 dB
  step 6601/16000  loss=0.0225  lr=4.19e-04  0.21s/it
  step 6651/16000  loss=0.0105  lr=4.16e-04  0.21s/it
  step 6701/16000  loss=0.0328  lr=4.13e-04  0.21s/it
  step 6751/16000  loss=0.0332  lr=4.10e-04  0.21s/it
