watching python 1373863
=== poll 1 16:58:46 ===
  step 1/16000  loss=0.1283  lr=1.50e-06  0.38s/it
  step 51/16000  loss=0.1092  lr=3.90e-05  0.21s/it
  step 101/16000  loss=0.0708  lr=7.65e-05  0.20s/it
  step 151/16000  loss=0.0638  lr=1.14e-04  0.20s/it
=== poll 2 17:00:47 ===
  probe mean PSNR (n=6): 23.49 dB
  ★ best@600: panel=24.71 probe=23.49 score=24.10
  step 601/16000  loss=0.0216  lr=4.51e-04  0.21s/it
  step 651/16000  loss=0.0251  lr=4.89e-04  0.21s/it
  step 701/16000  loss=0.0211  lr=5.26e-04  0.21s/it
  step 751/16000  loss=0.0091  lr=5.64e-04  0.21s/it
=== poll 3 17:02:49 ===
  panel step 1200: cabinet_H_2/ag256 frame 400  15.3→27.6 dB
  probe mean PSNR (n=6): 26.67 dB
  ★ best@1200: panel=27.57 probe=26.67 score=27.12
  step 1201/16000  loss=0.0165  lr=5.99e-04  0.21s/it
  step 1251/16000  loss=0.0100  lr=5.99e-04  0.21s/it
  step 1301/16000  loss=0.0133  lr=5.98e-04  0.21s/it
=== poll 4 17:04:51 ===
  panel step 1800: cabinet_H_2/ag256 frame 400  15.3→28.5 dB
  probe mean PSNR (n=6): 27.42 dB
  ★ best@1800: panel=28.50 probe=27.42 score=27.96
  step 1801/16000  loss=0.0220  lr=5.94e-04  0.21s/it
  step 1851/16000  loss=0.0293  lr=5.93e-04  0.21s/it
  step 1901/16000  loss=0.0216  lr=5.93e-04  0.21s/it
=== poll 5 17:06:53 ===
  step 2301/16000  loss=0.0102  lr=5.86e-04  0.21s/it
  step 2351/16000  loss=0.0217  lr=5.85e-04  0.21s/it
  panel step 2400: cabinet_H_2/ag256 frame 400  15.3→28.6 dB
  probe mean PSNR (n=6): 27.89 dB
  step 2401/16000  loss=0.0132  lr=5.85e-04  0.21s/it
  step 2451/16000  loss=0.0147  lr=5.84e-04  0.21s/it
